{"C:\\Users\\ladno\\Desktop\\health\\src\\sortHeroes.js": {"path":"C:\\Users\\ladno\\Desktop\\health\\src\\sortHeroes.js","statementMap":{"0":{"start":{"line":1,"column":34},"end":{"line":3,"column":1}},"1":{"start":{"line":2,"column":2},"end":{"line":2,"column":57}},"2":{"start":{"line":2,"column":36},"end":{"line":2,"column":55}}},"fnMap":{"0":{"name":"(anonymous_0)","decl":{"start":{"line":1,"column":34},"end":{"line":1,"column":35}},"loc":{"start":{"line":1,"column":46},"end":{"line":3,"column":1}},"line":1},"1":{"name":"(anonymous_1)","decl":{"start":{"line":2,"column":26},"end":{"line":2,"column":27}},"loc":{"start":{"line":2,"column":36},"end":{"line":2,"column":55}},"line":2}},"branchMap":{},"s":{"0":1,"1":6,"2":8},"f":{"0":6,"1":8},"b":{},"_coverageSchema":"1a1c01bbd47fc00a2c39e90264f33305004495a9","hash":"39ed880233ab4cf6522a41e7f8d986a19b27d99d"}
}
